#! /c/iverilog/bin/vvp
:ivl_version "0.9.7 " "(v0_9_7)";
:vpi_time_precision + 0;
:vpi_module "system";
:vpi_module "v2005_math";
:vpi_module "va_math";
S_0105FBB0 .scope module, "moduleName" "moduleName" 2 4;
 .timescale 0 0;
v010A5330_0 .var/i "S", 31 0;
v010A50C8_0 .net "a0", 0 0, v0105C538_0; 1 drivers
v010A5388_0 .net "a0_0", 0 0, L_010A78C8; 1 drivers
v010A5438_0 .net "a0_1", 0 0, L_010A7970; 1 drivers
v010A5178_0 .net "a1", 0 0, v0105C328_0; 1 drivers
v010A5070_0 .net "a1_0", 0 0, L_010A7BA0; 1 drivers
v010A51D0_0 .net "a1_1", 0 0, L_010A7548; 1 drivers
v010A4FC0_0 .net "a2", 0 0, v010A25D0_0; 1 drivers
v010A5120_0 .net "a2_0", 0 0, L_010A76D0; 1 drivers
v010A5228_0 .net "a2_1", 0 0, L_010A79E0; 1 drivers
v010A6A50_0 .net "a3", 0 0, v010A2578_0; 1 drivers
v010A6F20_0 .net "a3_0", 0 0, L_010A7510; 1 drivers
v010A6898_0 .net "a3_1", 0 0, L_010A7A50; 1 drivers
v010A6D68_0 .net "b1", 0 0, v0105C278_0; 1 drivers
v010A6DC0_0 .net "b1_0", 0 0, L_010A7778; 1 drivers
v010A6E70_0 .net "b1_1", 0 0, L_010A7900; 1 drivers
v010A6790_0 .net "b2", 0 0, v010A2628_0; 1 drivers
v010A65D8_0 .net "b2_0", 0 0, L_010A7A18; 1 drivers
v010A6AA8_0 .net "b2_1", 0 0, L_010A7890; 1 drivers
v010A6EC8_0 .net "b3", 0 0, v010A2AA0_0; 1 drivers
v010A6F78_0 .net "b3_0", 0 0, L_010A77E8; 1 drivers
v010A6948_0 .net "b3_1", 0 0, L_010A7AF8; 1 drivers
v010A6B00_0 .net "b4", 0 0, v010A23C0_0; 1 drivers
v010A6C08_0 .net "b4_0", 0 0, L_010A7708; 1 drivers
v010A6C60_0 .net "b4_1", 0 0, L_010A7660; 1 drivers
v010A66E0_0 .var "s", 0 0;
v010A6738_0 .var/i "x", 31 0;
v010A68F0_0 .var "x0", 0 0;
v010A6630_0 .var "x1", 0 0;
v010A6D10_0 .var "x2", 0 0;
v010A69F8_0 .var "x3", 0 0;
v010A6CB8_0 .var/i "y", 31 0;
v010A6580_0 .var "y0", 0 0;
v010A6BB0_0 .var "y1", 0 0;
v010A6E18_0 .var "y2", 0 0;
v010A64D0_0 .var "y3", 0 0;
S_0105FE58 .scope module, "first_stage" "FIRST_STAGE" 2 20, 3 3, S_0105FBB0;
 .timescale 0 0;
v010A4780_0 .alias "a0_0", 0 0, v010A5388_0;
v010A4830_0 .alias "a0_1", 0 0, v010A5438_0;
v010A4E60_0 .alias "a1_0", 0 0, v010A5070_0;
v010A4BA0_0 .alias "a1_1", 0 0, v010A51D0_0;
v010A49E8_0 .alias "a2_0", 0 0, v010A5120_0;
v010A4F10_0 .alias "a2_1", 0 0, v010A5228_0;
v010A4990_0 .alias "a3_0", 0 0, v010A6F20_0;
v010A4678_0 .alias "a3_1", 0 0, v010A6898_0;
v010A4A98_0 .alias "b1_0", 0 0, v010A6DC0_0;
v010A4AF0_0 .alias "b1_1", 0 0, v010A6E70_0;
v010A4728_0 .alias "b2_0", 0 0, v010A65D8_0;
v010A47D8_0 .alias "b2_1", 0 0, v010A6AA8_0;
v010A4888_0 .alias "b3_0", 0 0, v010A6F78_0;
v010A4EB8_0 .alias "b3_1", 0 0, v010A6948_0;
v010A4518_0 .alias "b4_0", 0 0, v010A6C08_0;
v010A44C0_0 .alias "b4_1", 0 0, v010A6C60_0;
v010A4B48_0 .net "s", 0 0, v010A66E0_0; 1 drivers
v010A4BF8_0 .net "x0", 0 0, v010A68F0_0; 1 drivers
v010A4C50_0 .net "x1", 0 0, v010A6630_0; 1 drivers
v010A4E08_0 .net "x2", 0 0, v010A6D10_0; 1 drivers
v010A4F68_0 .net "x3", 0 0, v010A69F8_0; 1 drivers
v010A5018_0 .net "y0", 0 0, v010A6580_0; 1 drivers
v010A53E0_0 .net "y1", 0 0, v010A6BB0_0; 1 drivers
v010A5280_0 .net "y2", 0 0, v010A6E18_0; 1 drivers
v010A52D8_0 .net "y3", 0 0, v010A64D0_0; 1 drivers
S_0105FFF0 .scope module, "i3" "SINGLE_INDEX" 3 22, 4 3, S_0105FE58;
 .timescale 0 0;
L_010A43C0 .functor XOR 1, v010A64D0_0, v010A66E0_0, C4<0>, C4<0>;
v010A4570_0 .alias "a", 0 0, v010A6F20_0;
v010A4DB0_0 .alias "b", 0 0, v010A6C08_0;
v010A4CA8_0 .alias "not_a", 0 0, v010A6898_0;
v010A46D0_0 .alias "not_b", 0 0, v010A6C60_0;
v010A48E0_0 .alias "s", 0 0, v010A4B48_0;
v010A4D58_0 .alias "x", 0 0, v010A4F68_0;
v010A45C8_0 .alias "y", 0 0, v010A52D8_0;
v010A4938_0 .net "y_XOR_s", 0 0, L_010A43C0; 1 drivers
S_0105FAA0 .scope module, "hal" "HAL" 4 15, 5 1, S_0105FFF0;
 .timescale 0 0;
L_010A7AC0 .functor XOR 1, v010A69F8_0, L_010A43C0, C4<0>, C4<0>;
L_010A7660 .functor OR 1, v010A69F8_0, L_010A43C0, C4<0>, C4<0>;
L_010A7708 .functor AND 1, v010A69F8_0, L_010A43C0, C4<1>, C4<1>;
L_010A7A50 .functor NOT 1, L_010A7AC0, C4<0>, C4<0>, C4<0>;
L_010A7510 .functor BUFZ 1, L_010A7AC0, C4<0>, C4<0>, C4<0>;
v010A3D68_0 .alias "a", 0 0, v010A6F20_0;
v010A3F20_0 .alias "b", 0 0, v010A6C08_0;
v010A3BB0_0 .alias "not_a", 0 0, v010A6898_0;
v010A4028_0 .alias "not_b", 0 0, v010A6C60_0;
v010A4D00_0 .net "t", 0 0, L_010A7AC0; 1 drivers
v010A4A40_0 .alias "x", 0 0, v010A4F68_0;
v010A4620_0 .alias "y", 0 0, v010A4938_0;
S_0105F990 .scope module, "i2" "SINGLE_INDEX" 3 30, 4 3, S_0105FE58;
 .timescale 0 0;
L_010A79A8 .functor XOR 1, v010A6E18_0, v010A66E0_0, C4<0>, C4<0>;
v010A3F78_0 .alias "a", 0 0, v010A5120_0;
v010A3DC0_0 .alias "b", 0 0, v010A6F78_0;
v010A3EC8_0 .alias "not_a", 0 0, v010A5228_0;
v010A3C60_0 .alias "not_b", 0 0, v010A6948_0;
v010A3D10_0 .alias "s", 0 0, v010A4B48_0;
v010A3E18_0 .alias "x", 0 0, v010A4E08_0;
v010A3CB8_0 .alias "y", 0 0, v010A5280_0;
v010A3FD0_0 .net "y_XOR_s", 0 0, L_010A79A8; 1 drivers
S_0105FF68 .scope module, "hal" "HAL" 4 15, 5 1, S_0105F990;
 .timescale 0 0;
L_010A7698 .functor XOR 1, v010A6D10_0, L_010A79A8, C4<0>, C4<0>;
L_010A7AF8 .functor OR 1, v010A6D10_0, L_010A79A8, C4<0>, C4<0>;
L_010A77E8 .functor AND 1, v010A6D10_0, L_010A79A8, C4<1>, C4<1>;
L_010A79E0 .functor NOT 1, L_010A7698, C4<0>, C4<0>, C4<0>;
L_010A76D0 .functor BUFZ 1, L_010A7698, C4<0>, C4<0>, C4<0>;
v010A31B8_0 .alias "a", 0 0, v010A5120_0;
v010A3160_0 .alias "b", 0 0, v010A6F78_0;
v010A3370_0 .alias "not_a", 0 0, v010A5228_0;
v010A3688_0 .alias "not_b", 0 0, v010A6948_0;
v010A36E0_0 .net "t", 0 0, L_010A7698; 1 drivers
v010A3C08_0 .alias "x", 0 0, v010A4E08_0;
v010A3E70_0 .alias "y", 0 0, v010A3FD0_0;
S_0105F660 .scope module, "i1" "SINGLE_INDEX" 3 38, 4 3, S_0105FE58;
 .timescale 0 0;
L_010A7858 .functor XOR 1, v010A6BB0_0, v010A66E0_0, C4<0>, C4<0>;
v010A3898_0 .alias "a", 0 0, v010A5070_0;
v010A3318_0 .alias "b", 0 0, v010A65D8_0;
v010A3B00_0 .alias "not_a", 0 0, v010A51D0_0;
v010A3268_0 .alias "not_b", 0 0, v010A6AA8_0;
v010A35D8_0 .alias "s", 0 0, v010A4B48_0;
v010A3B58_0 .alias "x", 0 0, v010A4C50_0;
v010A30B0_0 .alias "y", 0 0, v010A53E0_0;
v010A3580_0 .net "y_XOR_s", 0 0, L_010A7858; 1 drivers
S_0105FEE0 .scope module, "hal" "HAL" 4 15, 5 1, S_0105F660;
 .timescale 0 0;
L_010A7628 .functor XOR 1, v010A6630_0, L_010A7858, C4<0>, C4<0>;
L_010A7890 .functor OR 1, v010A6630_0, L_010A7858, C4<0>, C4<0>;
L_010A7A18 .functor AND 1, v010A6630_0, L_010A7858, C4<1>, C4<1>;
L_010A7548 .functor NOT 1, L_010A7628, C4<0>, C4<0>, C4<0>;
L_010A7BA0 .functor BUFZ 1, L_010A7628, C4<0>, C4<0>, C4<0>;
v010A3840_0 .alias "a", 0 0, v010A5070_0;
v010A3630_0 .alias "b", 0 0, v010A65D8_0;
v010A3948_0 .alias "not_a", 0 0, v010A51D0_0;
v010A3A50_0 .alias "not_b", 0 0, v010A6AA8_0;
v010A3420_0 .net "t", 0 0, L_010A7628; 1 drivers
v010A3AA8_0 .alias "x", 0 0, v010A4C50_0;
v010A3528_0 .alias "y", 0 0, v010A3580_0;
S_0105FA18 .scope module, "i0" "SINGLE_INDEX" 3 46, 4 3, S_0105FE58;
 .timescale 0 0;
L_010A75B8 .functor XOR 1, v010A6580_0, v010A66E0_0, C4<0>, C4<0>;
v010A38F0_0 .alias "a", 0 0, v010A5388_0;
v010A33C8_0 .alias "b", 0 0, v010A6DC0_0;
v010A3108_0 .alias "not_a", 0 0, v010A5438_0;
v010A3210_0 .alias "not_b", 0 0, v010A6E70_0;
v010A34D0_0 .alias "s", 0 0, v010A4B48_0;
v010A37E8_0 .alias "x", 0 0, v010A4BF8_0;
v010A3790_0 .alias "y", 0 0, v010A5018_0;
v010A39F8_0 .net "y_XOR_s", 0 0, L_010A75B8; 1 drivers
S_0105F908 .scope module, "hal" "HAL" 4 15, 5 1, S_0105FA18;
 .timescale 0 0;
L_010A75F0 .functor XOR 1, v010A68F0_0, L_010A75B8, C4<0>, C4<0>;
L_010A7900 .functor OR 1, v010A68F0_0, L_010A75B8, C4<0>, C4<0>;
L_010A7778 .functor AND 1, v010A68F0_0, L_010A75B8, C4<1>, C4<1>;
L_010A7970 .functor NOT 1, L_010A75F0, C4<0>, C4<0>, C4<0>;
L_010A78C8 .functor BUFZ 1, L_010A75F0, C4<0>, C4<0>, C4<0>;
v010A2EC0_0 .alias "a", 0 0, v010A5388_0;
v010A2E68_0 .alias "b", 0 0, v010A6DC0_0;
v010A2F18_0 .alias "not_a", 0 0, v010A5438_0;
v010A32C0_0 .alias "not_b", 0 0, v010A6E70_0;
v010A3738_0 .net "t", 0 0, L_010A75F0; 1 drivers
v010A3478_0 .alias "x", 0 0, v010A4BF8_0;
v010A39A0_0 .alias "y", 0 0, v010A39F8_0;
S_01060188 .scope module, "dut" "EIGHT_MUX" 2 30, 6 3, S_0105FBB0;
 .timescale 0 0;
v010A2A48_0 .alias "a0", 0 0, v010A50C8_0;
v010A21B0_0 .alias "a0_0", 0 0, v010A5388_0;
v010A2730_0 .alias "a0_1", 0 0, v010A5438_0;
v010A2368_0 .alias "a1", 0 0, v010A5178_0;
v010A27E0_0 .alias "a1_0", 0 0, v010A5070_0;
v010A2B50_0 .alias "a1_1", 0 0, v010A51D0_0;
v010A2838_0 .alias "a2", 0 0, v010A4FC0_0;
v010A2890_0 .alias "a2_0", 0 0, v010A5120_0;
v010A20A8_0 .alias "a2_1", 0 0, v010A5228_0;
v010A28E8_0 .alias "a3", 0 0, v010A6A50_0;
v010A2208_0 .alias "a3_0", 0 0, v010A6F20_0;
v010A2100_0 .alias "a3_1", 0 0, v010A6898_0;
v010A2260_0 .alias "b1", 0 0, v010A6D68_0;
v010A22B8_0 .alias "b1_0", 0 0, v010A6DC0_0;
v010A2C00_0 .alias "b1_1", 0 0, v010A6E70_0;
v010A2F70_0 .alias "b2", 0 0, v010A6790_0;
v010A3020_0 .alias "b2_0", 0 0, v010A65D8_0;
v010A2C58_0 .alias "b2_1", 0 0, v010A6AA8_0;
v010A2D08_0 .alias "b3", 0 0, v010A6EC8_0;
v010A2E10_0 .alias "b3_0", 0 0, v010A6F78_0;
v010A2FC8_0 .alias "b3_1", 0 0, v010A6948_0;
v010A2BA8_0 .alias "b4", 0 0, v010A6B00_0;
v010A2CB0_0 .alias "b4_0", 0 0, v010A6C08_0;
v010A2D60_0 .alias "b4_1", 0 0, v010A6C60_0;
v010A2DB8_0 .alias "s", 0 0, v010A4B48_0;
S_01060650 .scope module, "mux7" "MUX" 6 28, 7 4, S_01060188;
 .timescale 0 0;
v010A24C8_0 .alias "a", 0 0, v010A6C08_0;
v010A29F0_0 .alias "b", 0 0, v010A6C60_0;
v010A23C0_0 .var "out", 0 0;
v010A2520_0 .alias "sel", 0 0, v010A4B48_0;
E_0106D688 .event edge, v0105C698_0, v010A24C8_0, v010A29F0_0;
S_01060320 .scope module, "mux6" "MUX" 6 35, 7 4, S_01060188;
 .timescale 0 0;
v010A2158_0 .alias "a", 0 0, v010A6F20_0;
v010A2680_0 .alias "b", 0 0, v010A6898_0;
v010A2578_0 .var "out", 0 0;
v010A2310_0 .alias "sel", 0 0, v010A4B48_0;
E_0106D488 .event edge, v0105C698_0, v010A2158_0, v010A2680_0;
S_0105FDD0 .scope module, "mux5" "MUX" 6 42, 7 4, S_01060188;
 .timescale 0 0;
v010A2AF8_0 .alias "a", 0 0, v010A6948_0;
v010A2998_0 .alias "b", 0 0, v010A6F78_0;
v010A2AA0_0 .var "out", 0 0;
v010A2470_0 .alias "sel", 0 0, v010A4B48_0;
E_0106D7A8 .event edge, v0105C698_0, v010A2AF8_0, v010A2998_0;
S_0105F7F8 .scope module, "mux4" "MUX" 6 49, 7 4, S_01060188;
 .timescale 0 0;
v010A2418_0 .alias "a", 0 0, v010A5228_0;
v010A2940_0 .alias "b", 0 0, v010A5120_0;
v010A25D0_0 .var "out", 0 0;
v010A2788_0 .alias "sel", 0 0, v010A4B48_0;
E_0106D628 .event edge, v0105C698_0, v010A2418_0, v010A2940_0;
S_01060078 .scope module, "mux3" "MUX" 6 56, 7 4, S_01060188;
 .timescale 0 0;
v0105C380_0 .alias "a", 0 0, v010A65D8_0;
v0105C6F0_0 .alias "b", 0 0, v010A6AA8_0;
v010A2628_0 .var "out", 0 0;
v010A26D8_0 .alias "sel", 0 0, v010A4B48_0;
E_0106D608 .event edge, v0105C698_0, v0105C380_0, v0105C6F0_0;
S_0105F770 .scope module, "mux2" "MUX" 6 63, 7 4, S_01060188;
 .timescale 0 0;
v0105C7F8_0 .alias "a", 0 0, v010A5070_0;
v0105C640_0 .alias "b", 0 0, v010A51D0_0;
v0105C328_0 .var "out", 0 0;
v0105C748_0 .alias "sel", 0 0, v010A4B48_0;
E_0106D588 .event edge, v0105C698_0, v0105C7F8_0, v0105C640_0;
S_0105FD48 .scope module, "mux1" "MUX" 6 70, 7 4, S_01060188;
 .timescale 0 0;
v0105C1C8_0 .alias "a", 0 0, v010A6DC0_0;
v0105C170_0 .alias "b", 0 0, v010A6E70_0;
v0105C278_0 .var "out", 0 0;
v0105C5E8_0 .alias "sel", 0 0, v010A4B48_0;
E_0106D508 .event edge, v0105C698_0, v0105C1C8_0, v0105C170_0;
S_010603A8 .scope module, "mux0" "MUX" 6 77, 7 4, S_01060188;
 .timescale 0 0;
v0105C4E0_0 .alias "a", 0 0, v010A5388_0;
v0105C7A0_0 .alias "b", 0 0, v010A5438_0;
v0105C538_0 .var "out", 0 0;
v0105C698_0 .alias "sel", 0 0, v010A4B48_0;
E_0106D708 .event edge, v0105C698_0, v0105C4E0_0, v0105C7A0_0;
    .scope S_01060650;
T_0 ;
    %wait E_0106D688;
    %load/v 8, v010A2520_0, 1;
    %cmpi/u 8, 0, 1;
    %jmp/0xz  T_0.0, 4;
    %load/v 8, v010A24C8_0, 1;
    %set/v v010A23C0_0, 8, 1;
    %jmp T_0.1;
T_0.0 ;
    %load/v 8, v010A29F0_0, 1;
    %set/v v010A23C0_0, 8, 1;
T_0.1 ;
    %jmp T_0;
    .thread T_0, $push;
    .scope S_01060320;
T_1 ;
    %wait E_0106D488;
    %load/v 8, v010A2310_0, 1;
    %cmpi/u 8, 0, 1;
    %jmp/0xz  T_1.0, 4;
    %load/v 8, v010A2158_0, 1;
    %set/v v010A2578_0, 8, 1;
    %jmp T_1.1;
T_1.0 ;
    %load/v 8, v010A2680_0, 1;
    %set/v v010A2578_0, 8, 1;
T_1.1 ;
    %jmp T_1;
    .thread T_1, $push;
    .scope S_0105FDD0;
T_2 ;
    %wait E_0106D7A8;
    %load/v 8, v010A2470_0, 1;
    %cmpi/u 8, 0, 1;
    %jmp/0xz  T_2.0, 4;
    %load/v 8, v010A2AF8_0, 1;
    %set/v v010A2AA0_0, 8, 1;
    %jmp T_2.1;
T_2.0 ;
    %load/v 8, v010A2998_0, 1;
    %set/v v010A2AA0_0, 8, 1;
T_2.1 ;
    %jmp T_2;
    .thread T_2, $push;
    .scope S_0105F7F8;
T_3 ;
    %wait E_0106D628;
    %load/v 8, v010A2788_0, 1;
    %cmpi/u 8, 0, 1;
    %jmp/0xz  T_3.0, 4;
    %load/v 8, v010A2418_0, 1;
    %set/v v010A25D0_0, 8, 1;
    %jmp T_3.1;
T_3.0 ;
    %load/v 8, v010A2940_0, 1;
    %set/v v010A25D0_0, 8, 1;
T_3.1 ;
    %jmp T_3;
    .thread T_3, $push;
    .scope S_01060078;
T_4 ;
    %wait E_0106D608;
    %load/v 8, v010A26D8_0, 1;
    %cmpi/u 8, 0, 1;
    %jmp/0xz  T_4.0, 4;
    %load/v 8, v0105C380_0, 1;
    %set/v v010A2628_0, 8, 1;
    %jmp T_4.1;
T_4.0 ;
    %load/v 8, v0105C6F0_0, 1;
    %set/v v010A2628_0, 8, 1;
T_4.1 ;
    %jmp T_4;
    .thread T_4, $push;
    .scope S_0105F770;
T_5 ;
    %wait E_0106D588;
    %load/v 8, v0105C748_0, 1;
    %cmpi/u 8, 0, 1;
    %jmp/0xz  T_5.0, 4;
    %load/v 8, v0105C7F8_0, 1;
    %set/v v0105C328_0, 8, 1;
    %jmp T_5.1;
T_5.0 ;
    %load/v 8, v0105C640_0, 1;
    %set/v v0105C328_0, 8, 1;
T_5.1 ;
    %jmp T_5;
    .thread T_5, $push;
    .scope S_0105FD48;
T_6 ;
    %wait E_0106D508;
    %load/v 8, v0105C5E8_0, 1;
    %cmpi/u 8, 0, 1;
    %jmp/0xz  T_6.0, 4;
    %load/v 8, v0105C1C8_0, 1;
    %set/v v0105C278_0, 8, 1;
    %jmp T_6.1;
T_6.0 ;
    %load/v 8, v0105C170_0, 1;
    %set/v v0105C278_0, 8, 1;
T_6.1 ;
    %jmp T_6;
    .thread T_6, $push;
    .scope S_010603A8;
T_7 ;
    %wait E_0106D708;
    %load/v 8, v0105C698_0, 1;
    %cmpi/u 8, 0, 1;
    %jmp/0xz  T_7.0, 4;
    %load/v 8, v0105C4E0_0, 1;
    %set/v v0105C538_0, 8, 1;
    %jmp T_7.1;
T_7.0 ;
    %load/v 8, v0105C7A0_0, 1;
    %set/v v0105C538_0, 8, 1;
T_7.1 ;
    %jmp T_7;
    .thread T_7, $push;
    .scope S_0105FBB0;
T_8 ;
    %delay 1, 0;
    %vpi_call 2 53 "$display", v010A6C08_0, v010A6C60_0, v010A6F20_0, v010A6898_0, v010A6948_0, v010A6F78_0, v010A5228_0, v010A5120_0, v010A65D8_0, v010A6AA8_0, v010A5070_0, v010A51D0_0, v010A6DC0_0, v010A6E70_0, v010A5388_0, v010A5438_0;
    %delay 1, 0;
    %vpi_call 2 58 "$display", v010A6B00_0, v010A6A50_0, v010A6EC8_0, v010A4FC0_0, v010A6790_0, v010A5178_0, v010A6D68_0, v010A50C8_0;
    %set/v v010A5330_0, 0, 32;
T_8.0 ;
    %load/v 8, v010A5330_0, 32;
   %cmpi/s 8, 1, 32;
    %or 5, 4, 1;
    %jmp/0xz T_8.1, 5;
    %set/v v010A6738_0, 0, 32;
T_8.2 ;
    %load/v 8, v010A6738_0, 32;
   %cmpi/s 8, 10, 32;
    %or 5, 4, 1;
    %jmp/0xz T_8.3, 5;
    %set/v v010A6CB8_0, 0, 32;
T_8.4 ;
    %load/v 8, v010A6CB8_0, 32;
   %cmpi/s 8, 10, 32;
    %or 5, 4, 1;
    %jmp/0xz T_8.5, 5;
    %load/v 8, v010A5330_0, 32;
    %set/v v010A66E0_0, 8, 1;
    %load/v 8, v010A6738_0, 32;
    %movi 40, 8, 32;
    %div/s 8, 40, 32;
    %set/v v010A69F8_0, 8, 1;
    %load/v 8, v010A6738_0, 32;
    %movi 40, 4, 32;
    %div/s 8, 40, 32;
    %movi 40, 2, 32;
    %mod/s 8, 40, 32;
    %set/v v010A6D10_0, 8, 1;
    %load/v 8, v010A6738_0, 32;
    %movi 40, 2, 32;
    %div/s 8, 40, 32;
    %movi 40, 2, 32;
    %mod/s 8, 40, 32;
    %set/v v010A6630_0, 8, 1;
    %load/v 8, v010A6738_0, 32;
    %movi 40, 2, 32;
    %mod/s 8, 40, 32;
    %set/v v010A68F0_0, 8, 1;
    %load/v 8, v010A6CB8_0, 32;
    %movi 40, 8, 32;
    %div/s 8, 40, 32;
    %set/v v010A64D0_0, 8, 1;
    %load/v 8, v010A6CB8_0, 32;
    %movi 40, 4, 32;
    %div/s 8, 40, 32;
    %movi 40, 2, 32;
    %mod/s 8, 40, 32;
    %set/v v010A6E18_0, 8, 1;
    %load/v 8, v010A6CB8_0, 32;
    %movi 40, 2, 32;
    %div/s 8, 40, 32;
    %movi 40, 2, 32;
    %mod/s 8, 40, 32;
    %set/v v010A6BB0_0, 8, 1;
    %load/v 8, v010A6CB8_0, 32;
    %movi 40, 2, 32;
    %mod/s 8, 40, 32;
    %set/v v010A6580_0, 8, 1;
    %delay 2, 0;
    %vpi_call 2 77 "$display", v010A6B00_0, v010A6A50_0, v010A6EC8_0, v010A4FC0_0, v010A6790_0, v010A5178_0, v010A6D68_0, v010A50C8_0;
    %ix/load 0, 1, 0;
    %load/vp0/s 8, v010A6CB8_0, 32;
    %set/v v010A6CB8_0, 8, 32;
    %jmp T_8.4;
T_8.5 ;
    %ix/load 0, 1, 0;
    %load/vp0/s 8, v010A6738_0, 32;
    %set/v v010A6738_0, 8, 32;
    %jmp T_8.2;
T_8.3 ;
    %ix/load 0, 1, 0;
    %load/vp0/s 8, v010A5330_0, 32;
    %set/v v010A5330_0, 8, 32;
    %jmp T_8.0;
T_8.1 ;
    %end;
    .thread T_8;
# The file index is used to find the file name in the following table.
:file_names 8;
    "N/A";
    "<interactive>";
    "em_tb.v";
    "./first_stage/first_stage.v";
    "./first_stage/single_pos.v";
    "./first_stage/hal.v";
    "./second_stage/eight_mux.v";
    "./mux.v";
