#! /c/iverilog/bin/vvp
:ivl_version "0.9.7 " "(v0_9_7)";
:vpi_time_precision + 0;
:vpi_module "system";
:vpi_module "v2005_math";
:vpi_module "va_math";
S_012095C0 .scope module, "FIRST_STAGE" "FIRST_STAGE" 2 3;
 .timescale 0 0;
v010AC600_0 .net "a0_0", 0 0, L_01081300; 1 drivers
v010ABEC8_0 .net "a0_1", 0 0, L_01081028; 1 drivers
v010ABDC0_0 .net "a1_0", 0 0, L_010816F0; 1 drivers
v010AC4F8_0 .net "a1_1", 0 0, L_01080CF8; 1 drivers
v010AC340_0 .net "a2_0", 0 0, L_01080BE0; 1 drivers
v010AC290_0 .net "a2_1", 0 0, L_01080B00; 1 drivers
v010ABC60_0 .net "a3_0", 0 0, L_01080B70; 1 drivers
v010ABD68_0 .net "a3_1", 0 0, L_01080AC8; 1 drivers
v010AC658_0 .net "b1_0", 0 0, L_01080F80; 1 drivers
v010AC028_0 .net "b1_1", 0 0, L_010815A0; 1 drivers
v010AC448_0 .net "b2_0", 0 0, L_01080C50; 1 drivers
v010ABF20_0 .net "b2_1", 0 0, L_01080CC0; 1 drivers
v010ABF78_0 .net "b3_0", 0 0, L_01080C88; 1 drivers
v010AC550_0 .net "b3_1", 0 0, L_01080BA8; 1 drivers
v010ABE18_0 .net "b4_0", 0 0, L_01080A90; 1 drivers
v010AC130_0 .net "b4_1", 0 0, L_01080A58; 1 drivers
v010AC0D8_0 .net "s", 0 0, C4<z>; 0 drivers
v010ABE70_0 .net "x0", 0 0, C4<z>; 0 drivers
v010AC1E0_0 .net "x1", 0 0, C4<z>; 0 drivers
v010AC238_0 .net "x2", 0 0, C4<z>; 0 drivers
v010AC398_0 .net "x3", 0 0, C4<z>; 0 drivers
v010AC4A0_0 .net "y0", 0 0, C4<z>; 0 drivers
v010AC8C0_0 .net "y1", 0 0, C4<z>; 0 drivers
v010AC9C8_0 .net "y2", 0 0, C4<z>; 0 drivers
v010AC918_0 .net "y3", 0 0, C4<z>; 0 drivers
S_01208E50 .scope module, "i3" "SINGLE_INDEX" 2 22, 3 3, S_012095C0;
 .timescale 0 0;
L_012040B8 .functor XOR 1, C4<z>, C4<z>, C4<0>, C4<0>;
v010AC188_0 .alias "a", 0 0, v010ABC60_0;
v010AC3F0_0 .alias "b", 0 0, v010ABE18_0;
v010AC708_0 .alias "not_a", 0 0, v010ABD68_0;
v010AC5A8_0 .alias "not_b", 0 0, v010AC130_0;
v010ABCB8_0 .alias "s", 0 0, v010AC0D8_0;
v010AC2E8_0 .alias "x", 0 0, v010AC398_0;
v010AC6B0_0 .alias "y", 0 0, v010AC918_0;
v010ABD10_0 .net "y_XOR_s", 0 0, L_012040B8; 1 drivers
S_01209648 .scope module, "hal" "HAL" 3 15, 4 1, S_01208E50;
 .timescale 0 0;
L_01205368 .functor XOR 1, C4<z>, L_012040B8, C4<0>, C4<0>;
L_01080A58 .functor OR 1, C4<z>, L_012040B8, C4<0>, C4<0>;
L_01080A90 .functor AND 1, C4<z>, L_012040B8, C4<1>, C4<1>;
L_01080AC8 .functor NOT 1, L_01205368, C4<0>, C4<0>, C4<0>;
L_01080B70 .functor BUFZ 1, L_01205368, C4<0>, C4<0>, C4<0>;
v010AB808_0 .alias "a", 0 0, v010ABC60_0;
v010ABBD0_0 .alias "b", 0 0, v010ABE18_0;
v010ABA70_0 .alias "not_a", 0 0, v010ABD68_0;
v010ABB20_0 .alias "not_b", 0 0, v010AC130_0;
v010AB758_0 .net "t", 0 0, L_01205368; 1 drivers
v010ABFD0_0 .alias "x", 0 0, v010AC398_0;
v010AC080_0 .alias "y", 0 0, v010ABD10_0;
S_01208DC8 .scope module, "i2" "SINGLE_INDEX" 2 32, 3 3, S_012095C0;
 .timescale 0 0;
L_01080D68 .functor XOR 1, C4<z>, C4<z>, C4<0>, C4<0>;
v010ABA18_0 .alias "a", 0 0, v010AC340_0;
v010AB860_0 .alias "b", 0 0, v010ABF78_0;
v010ABB78_0 .alias "not_a", 0 0, v010AC290_0;
v010AB8B8_0 .alias "not_b", 0 0, v010AC550_0;
v010AB910_0 .alias "s", 0 0, v010AC0D8_0;
v010ABAC8_0 .alias "x", 0 0, v010AC398_0;
v010AB968_0 .alias "y", 0 0, v010AC918_0;
v010AB7B0_0 .net "y_XOR_s", 0 0, L_01080D68; 1 drivers
S_012090F8 .scope module, "hal" "HAL" 3 15, 4 1, S_01208DC8;
 .timescale 0 0;
L_010809E8 .functor XOR 1, C4<z>, L_01080D68, C4<0>, C4<0>;
L_01080BA8 .functor OR 1, C4<z>, L_01080D68, C4<0>, C4<0>;
L_01080C88 .functor AND 1, C4<z>, L_01080D68, C4<1>, C4<1>;
L_01080B00 .functor NOT 1, L_010809E8, C4<0>, C4<0>, C4<0>;
L_01080BE0 .functor BUFZ 1, L_010809E8, C4<0>, C4<0>, C4<0>;
v010AAD60_0 .alias "a", 0 0, v010AC340_0;
v010AADB8_0 .alias "b", 0 0, v010ABF78_0;
v010AAE10_0 .alias "not_a", 0 0, v010AC290_0;
v010AAE68_0 .alias "not_b", 0 0, v010AC550_0;
v010AAEC0_0 .net "t", 0 0, L_010809E8; 1 drivers
v010AAF18_0 .alias "x", 0 0, v010AC398_0;
v010AB9C0_0 .alias "y", 0 0, v010AB7B0_0;
S_01208D40 .scope module, "i1" "SINGLE_INDEX" 2 42, 3 3, S_012095C0;
 .timescale 0 0;
L_01080C18 .functor XOR 1, C4<z>, C4<z>, C4<0>, C4<0>;
v010AB498_0 .alias "a", 0 0, v010ABDC0_0;
v010AB4F0_0 .alias "b", 0 0, v010AC448_0;
v010AB5F8_0 .alias "not_a", 0 0, v010AC4F8_0;
v010AB650_0 .alias "not_b", 0 0, v010ABF20_0;
v010AAC58_0 .alias "s", 0 0, v010AC0D8_0;
v010AB700_0 .alias "x", 0 0, v010AC398_0;
v010AACB0_0 .alias "y", 0 0, v010AC918_0;
v010AAD08_0 .net "y_XOR_s", 0 0, L_01080C18; 1 drivers
S_01209B98 .scope module, "hal" "HAL" 3 15, 4 1, S_01208D40;
 .timescale 0 0;
L_01080A20 .functor XOR 1, C4<z>, L_01080C18, C4<0>, C4<0>;
L_01080CC0 .functor OR 1, C4<z>, L_01080C18, C4<0>, C4<0>;
L_01080C50 .functor AND 1, C4<z>, L_01080C18, C4<1>, C4<1>;
L_01080CF8 .functor NOT 1, L_01080A20, C4<0>, C4<0>, C4<0>;
L_010816F0 .functor BUFZ 1, L_01080A20, C4<0>, C4<0>, C4<0>;
v010AB078_0 .alias "a", 0 0, v010ABDC0_0;
v010AB6A8_0 .alias "b", 0 0, v010AC448_0;
v010AB390_0 .alias "not_a", 0 0, v010AC4F8_0;
v010AB0D0_0 .alias "not_b", 0 0, v010ABF20_0;
v010AB180_0 .net "t", 0 0, L_01080A20; 1 drivers
v010AB440_0 .alias "x", 0 0, v010AC398_0;
v010AB5A0_0 .alias "y", 0 0, v010AAD08_0;
S_01208C30 .scope module, "i0" "SINGLE_INDEX" 2 52, 3 3, S_012095C0;
 .timescale 0 0;
L_01081680 .functor XOR 1, C4<z>, C4<z>, C4<0>, C4<0>;
v010AB230_0 .alias "a", 0 0, v010AC600_0;
v010AB338_0 .alias "b", 0 0, v010AC658_0;
v010AB3E8_0 .alias "not_a", 0 0, v010ABEC8_0;
v010AAFC8_0 .alias "not_b", 0 0, v010AC028_0;
v010AB548_0 .alias "s", 0 0, v010AC0D8_0;
v010AB288_0 .alias "x", 0 0, v010AC398_0;
v010AB2E0_0 .alias "y", 0 0, v010AC918_0;
v010AB020_0 .net "y_XOR_s", 0 0, L_01081680; 1 drivers
S_01209A88 .scope module, "hal" "HAL" 3 15, 4 1, S_01208C30;
 .timescale 0 0;
L_01081060 .functor XOR 1, C4<z>, L_01081680, C4<0>, C4<0>;
L_010815A0 .functor OR 1, C4<z>, L_01081680, C4<0>, C4<0>;
L_01080F80 .functor AND 1, C4<z>, L_01081680, C4<1>, C4<1>;
L_01081028 .functor NOT 1, L_01081060, C4<0>, C4<0>, C4<0>;
L_01081300 .functor BUFZ 1, L_01081060, C4<0>, C4<0>, C4<0>;
v01072B10_0 .alias "a", 0 0, v010AC600_0;
v01072B68_0 .alias "b", 0 0, v010AC658_0;
v01072BC0_0 .alias "not_a", 0 0, v010ABEC8_0;
v010729B0_0 .alias "not_b", 0 0, v010AC028_0;
v010AAF70_0 .net "t", 0 0, L_01081060; 1 drivers
v010AB128_0 .alias "x", 0 0, v010AC398_0;
v010AB1D8_0 .alias "y", 0 0, v010AB020_0;
# The file index is used to find the file name in the following table.
:file_names 5;
    "N/A";
    "<interactive>";
    "first_stage.v";
    "./single_pos.v";
    "./hal.v";
